<?xml version="1.0" encoding="UTF-8"?>
<!-- Generated by org.testng.reporters.JUnitReportReporter -->
<testsuite hostname="ISOFT-PC175" failures="0" tests="1" name="com.Tradeling.WebTest.CheckProductDetailsPage" time="33.073" errors="0" timestamp="16 Feb 2022 05:44:25 GMT" skipped="0">
  <testcase classname="com.Tradeling.WebTest.CheckProductDetailsPage" name="Scenario2" time="33.073"/>
</testsuite> <!-- com.Tradeling.WebTest.CheckProductDetailsPage -->
