<?xml version="1.0" encoding="UTF-8"?>
<!-- Generated by org.testng.reporters.JUnitReportReporter -->
<testsuite skipped="0" hostname="Gamal-Ops" name="Ooredoo.MobileTest.LoginAsGuestAppExploreTest" tests="3" failures="0" timestamp="10 Mar 2020 10:42:40 GMT" time="115.809" errors="0">
  <testcase name="ExploratoryTest" time="43.575" classname="Ooredoo.MobileTest.LoginAsGuestAppExploreTest"/>
  <testcase name="ExploratoryTest" time="30.583" classname="Ooredoo.MobileTest.LoginAsGuestAppExploreTest"/>
  <testcase name="ExploratoryTest" time="41.651" classname="Ooredoo.MobileTest.LoginAsGuestAppExploreTest"/>
</testsuite> <!-- Ooredoo.MobileTest.LoginAsGuestAppExploreTest -->
